<?xml version="1.0" encoding="UTF-8"?>
<!-- Generated by org.testng.reporters.JUnitReportReporter -->
<testsuite skipped="0" hostname="pallavi-testing" name="LoginTest" tests="2" failures="0" timestamp="19 Aug 2019 15:14:46 GMT" time="0.047" errors="0">
  <testcase name="f3" time="0.000" classname="LoginTest"/>
  <testcase name="f2" time="0.047" classname="LoginTest"/>
</testsuite> <!-- LoginTest -->
